<?xml version="1.0" encoding="UTF-8"?>
<!-- Generated by org.testng.reporters.JUnitReportReporter -->
<testsuite skipped="0" hostname="Mahesh-PC" name="tt.Invoke1" tests="1" failures="0" timestamp="2019-09-12T15:29:27 IST" time="24.746" errors="0">
  <testcase name="f" time="24.746" classname="tt.Invoke1"/>
</testsuite> <!-- tt.Invoke1 -->
