<?xml version="1.0" encoding="UTF-8"?>
<!-- Generated by org.testng.reporters.JUnitReportReporter -->
<testsuite skipped="0" hostname="Mahesh-PC" name="srcMy1.Invoke1" tests="1" failures="0" timestamp="2019-09-12T14:55:33 IST" time="18.478" errors="0">
  <testcase name="f" time="18.478" classname="srcMy1.Invoke1"/>
</testsuite> <!-- srcMy1.Invoke1 -->
