<?xml version="1.0" encoding="UTF-8"?>
<!-- Generated by org.testng.reporters.JUnitReportReporter -->
<testsuite skipped="0" hostname="Mahesh-PC" name="My1.z" tests="1" failures="0" timestamp="2019-09-12T20:56:30 IST" time="0.024" errors="0">
  <testcase name="f" time="0.024" classname="My1.z"/>
</testsuite> <!-- My1.z -->
