<?xml version="1.0" encoding="UTF-8"?>
<!-- Generated by org.testng.reporters.JUnitReportReporter -->
<testsuite skipped="0" hostname="Mahesh-PC" name="srcTest.InvokeTest" tests="1" failures="0" timestamp="2019-09-12T14:35:53 IST" time="22.328" errors="0">
  <testcase name="f" time="22.328" classname="srcTest.InvokeTest"/>
</testsuite> <!-- srcTest.InvokeTest -->
