<?xml version="1.0" encoding="UTF-8"?>
<!-- Generated by org.testng.reporters.JUnitReportReporter -->
<testsuite hostname="Mahesh-PC" name="My1.Invoke1" tests="1" failures="0" timestamp="12 Sep 2019 16:37:25 GMT" time="30.067" errors="0">
  <testcase name="f" time="30.067" classname="My1.Invoke1"/>
</testsuite> <!-- My1.Invoke1 -->
